<?xml version="1.0" encoding="UTF-8"?>
<testng-results ignored="0" total="2" passed="2" failed="0" skipped="0">
  <reporter-output>
  </reporter-output>
  <suite started-at="2023-01-07T19:36:03 CST" name="Suite" finished-at="2023-01-07T19:36:07 CST" duration-ms="4232">
    <groups>
    </groups>
    <test started-at="2023-01-07T19:36:03 CST" name="Test" finished-at="2023-01-07T19:36:07 CST" duration-ms="4232">
      <class name="tests.HomePgeTest">
        <test-method is-config="true" signature="initialize()[pri:0, instance:tests.HomePgeTest@50f6ac94]" started-at="2023-01-07T19:35:56 CST" name="initialize" finished-at="2023-01-07T19:36:03 CST" duration-ms="6377" status="PASS">
          <reporter-output>
          </reporter-output>
        </test-method> <!-- initialize -->
        <test-method is-config="true" signature="printBeforeTest()[pri:0, instance:tests.HomePgeTest@50f6ac94]" started-at="2023-01-07T19:36:03 CST" name="printBeforeTest" finished-at="2023-01-07T19:36:03 CST" duration-ms="2" status="PASS">
          <reporter-output>
          </reporter-output>
        </test-method> <!-- printBeforeTest -->
        <test-method is-config="true" signature="init()[pri:0, instance:tests.HomePgeTest@50f6ac94]" started-at="2023-01-07T19:36:03 CST" name="init" finished-at="2023-01-07T19:36:03 CST" duration-ms="60" status="PASS">
          <reporter-output>
          </reporter-output>
        </test-method> <!-- init -->
        <test-method signature="verifyAllLinksTest()[pri:0, instance:tests.HomePgeTest@50f6ac94]" started-at="2023-01-07T19:36:03 CST" name="verifyAllLinksTest" finished-at="2023-01-07T19:36:04 CST" duration-ms="1314" status="PASS">
          <reporter-output>
          </reporter-output>
        </test-method> <!-- verifyAllLinksTest -->
        <test-method signature="verifyNewsLinksTest()[pri:0, instance:tests.HomePgeTest@50f6ac94]" started-at="2023-01-07T19:36:04 CST" name="verifyNewsLinksTest" finished-at="2023-01-07T19:36:07 CST" duration-ms="2668" status="PASS">
          <reporter-output>
          </reporter-output>
        </test-method> <!-- verifyNewsLinksTest -->
        <test-method is-config="true" signature="printAfterTest()[pri:0, instance:tests.HomePgeTest@50f6ac94]" started-at="2023-01-07T19:36:07 CST" name="printAfterTest" finished-at="2023-01-07T19:36:07 CST" duration-ms="2" status="PASS">
          <reporter-output>
          </reporter-output>
        </test-method> <!-- printAfterTest -->
        <test-method is-config="true" signature="tearDown()[pri:0, instance:tests.HomePgeTest@50f6ac94]" started-at="2023-01-07T19:36:07 CST" name="tearDown" finished-at="2023-01-07T19:36:07 CST" duration-ms="10" status="PASS">
          <reporter-output>
          </reporter-output>
        </test-method> <!-- tearDown -->
      </class> <!-- tests.HomePgeTest -->
    </test> <!-- Test -->
  </suite> <!-- Suite -->
</testng-results>
